#
# There is insufficient memory for the Java Runtime Environment to continue.
# Native memory allocation (malloc) failed to allocate 1586416 bytes for Chunk::new
# Possible reasons:
#   The system is out of physical RAM or swap space
#   The process is running with CompressedOops enabled, and the Java Heap may be blocking the growth of the native heap
# Possible solutions:
#   Reduce memory load on the system
#   Increase physical memory or swap space
#   Check if swap backing store is full
#   Decrease Java heap size (-Xmx/-Xms)
#   Decrease number of Java threads
#   Decrease Java thread stack sizes (-Xss)
#   Set larger code cache with -XX:ReservedCodeCacheSize=
#   JVM is running with Zero Based Compressed Oops mode in which the Java heap is
#     placed in the first 32GB address space. The Java Heap base address is the
#     maximum limit for the native heap growth. Please use -XX:HeapBaseMinAddress
#     to set the Java Heap base and to place the Java Heap above 32GB virtual address.
# This output file may be truncated or incomplete.
#
#  Out of Memory Error (./src/hotspot/share/memory/arena.cpp:197), pid=10704, tid=14108
#
# JRE version: OpenJDK Runtime Environment (11.0.10) (build 11.0.10+0-b96-7249189)
# Java VM: OpenJDK 64-Bit Server VM (11.0.10+0-b96-7249189, mixed mode, tiered, compressed oops, g1 gc, windows-amd64)
# No core dump will be written. Minidumps are not enabled by default on client versions of Windows
#

---------------  S U M M A R Y ------------

Command Line: -Dorg.gradle.appname=gradlew org.gradle.wrapper.GradleWrapperMain -q -Ptarget-platform=android-arm64 -Ptarget=C:\Users\salah eldien\StudioProjects\college360\lib\main.dart -Pbase-application-name=android.app.Application -Pdart-defines=Zmx1dHRlci5pbnNwZWN0b3Iuc3RydWN0dXJlZEVycm9ycz10cnVl,RkxVVFRFUl9XRUJfQVVUT19ERVRFQ1Q9dHJ1ZQ== -Pdart-obfuscation=false -Ptrack-widget-creation=true -Ptree-shake-icons=false -Pfilesystem-scheme=org-dartlang-root assembleDebug

Host: Intel(R) Core(TM) i7-4790 CPU @ 3.60GHz, 8 cores, 15G,  Windows 10 , 64 bit Build 19041 (10.0.19041.1503)
Time: Thu Mar 24 15:19:08 2022 Egypt Standard Time elapsed time: 146.115581 seconds (0d 0h 2m 26s)

---------------  T H R E A D  ---------------

Current thread (0x000001e4a4f2e000):  JavaThread "C2 CompilerThread0" daemon [_thread_in_native, id=14108, stack(0x00000026e7e00000,0x00000026e7f00000)]


Current CompileTask:
C2: 146115 2212       4       org.gradle.api.internal.classpath.EffectiveClassPath::addClasspathFile (34 bytes)

Stack: [0x00000026e7e00000,0x00000026e7f00000]
Native frames: (J=compiled Java code, j=interpreted, Vv=VM code, C=native code)
V  [jvm.dll+0x5ecfaa]
V  [jvm.dll+0x722bd5]
V  [jvm.dll+0x72412d]
V  [jvm.dll+0x7247e3]
V  [jvm.dll+0x242928]
V  [jvm.dll+0xbc4fc]
V  [jvm.dll+0xbca0c]
V  [jvm.dll+0x352d3b]
V  [jvm.dll+0x197e0c]
V  [jvm.dll+0x1fb70e]
V  [jvm.dll+0x1fa7f4]
V  [jvm.dll+0x18354c]
V  [jvm.dll+0x208ee7]
V  [jvm.dll+0x207731]
V  [jvm.dll+0x6eb1cf]
V  [jvm.dll+0x6e3d45]
V  [jvm.dll+0x5ebe96]
C  [ucrtbase.dll+0x21bb2]
C  [KERNEL32.DLL+0x17034]
C  [ntdll.dll+0x52651]


---------------  P R O C E S S  ---------------

Threads class SMR info:
_java_thread_list=0x000001e4a66cfbc0, length=13, elements={
0x000001e483e2d000, 0x000001e4a4f05000, 0x000001e4a4f06800, 0x000001e4a4f26800,
0x000001e4a4f28800, 0x000001e4a4f2a800, 0x000001e4a4f2e000, 0x000001e4a57e3800,
0x000001e4a5839000, 0x000001e4a5994800, 0x000001e4a63e6800, 0x000001e4a6dff800,
0x000001e4a6dfd000
}

Java Threads: ( => current thread )
  0x000001e483e2d000 JavaThread "main" [_thread_blocked, id=12872, stack(0x00000026e7200000,0x00000026e7300000)]
  0x000001e4a4f05000 JavaThread "Reference Handler" daemon [_thread_blocked, id=13092, stack(0x00000026e7900000,0x00000026e7a00000)]
  0x000001e4a4f06800 JavaThread "Finalizer" daemon [_thread_blocked, id=8540, stack(0x00000026e7a00000,0x00000026e7b00000)]
  0x000001e4a4f26800 JavaThread "Signal Dispatcher" daemon [_thread_blocked, id=3464, stack(0x00000026e7b00000,0x00000026e7c00000)]
  0x000001e4a4f28800 JavaThread "Attach Listener" daemon [_thread_blocked, id=13368, stack(0x00000026e7c00000,0x00000026e7d00000)]
  0x000001e4a4f2a800 JavaThread "Service Thread" daemon [_thread_blocked, id=3192, stack(0x00000026e7d00000,0x00000026e7e00000)]
=>0x000001e4a4f2e000 JavaThread "C2 CompilerThread0" daemon [_thread_in_native, id=14108, stack(0x00000026e7e00000,0x00000026e7f00000)]
  0x000001e4a57e3800 JavaThread "C1 CompilerThread0" daemon [_thread_blocked, id=11608, stack(0x00000026e7f00000,0x00000026e8000000)]
  0x000001e4a5839000 JavaThread "Sweeper thread" daemon [_thread_blocked, id=12044, stack(0x00000026e8000000,0x00000026e8100000)]
  0x000001e4a5994800 JavaThread "Common-Cleaner" daemon [_thread_blocked, id=8220, stack(0x00000026e8200000,0x00000026e8300000)]
  0x000001e4a63e6800 JavaThread "pool-1-thread-1" [_thread_blocked, id=8644, stack(0x00000026e8400000,0x00000026e8500000)]
  0x000001e4a6dff800 JavaThread "Exec process" [_thread_in_native, id=1092, stack(0x00000026e6f00000,0x00000026e7000000)]
  0x000001e4a6dfd000 JavaThread "Exec process Thread 2" [_thread_blocked, id=7648, stack(0x00000026e7100000,0x00000026e7200000)]

Other Threads:
  0x000001e4a4f00800 VMThread "VM Thread" [stack: 0x00000026e7800000,0x00000026e7900000] [id=4692]
  0x000001e4a5980000 WatcherThread [stack: 0x00000026e8100000,0x00000026e8200000] [id=5108]
  0x000001e483e63800 GCTaskThread "GC Thread#0" [stack: 0x00000026e7300000,0x00000026e7400000] [id=2868]
  0x000001e4a63c0800 GCTaskThread "GC Thread#1" [stack: 0x00000026e8500000,0x00000026e8600000] [id=15552]
  0x000001e4a647b800 GCTaskThread "GC Thread#2" [stack: 0x00000026e8600000,0x00000026e8700000] [id=1980]
  0x000001e4a63d3800 GCTaskThread "GC Thread#3" [stack: 0x00000026e8700000,0x00000026e8800000] [id=13404]
  0x000001e4a6578000 GCTaskThread "GC Thread#4" [stack: 0x00000026e8800000,0x00000026e8900000] [id=15264]
  0x000001e4a6450800 GCTaskThread "GC Thread#5" [stack: 0x00000026e8900000,0x00000026e8a00000] [id=2336]
  0x000001e4a898f800 GCTaskThread "GC Thread#6" [stack: 0x00000026e8d00000,0x00000026e8e00000] [id=15660]
  0x000001e4a5e71800 GCTaskThread "GC Thread#7" [stack: 0x00000026e8f00000,0x00000026e9000000] [id=7412]
  0x000001e483ec1800 ConcurrentGCThread "G1 Main Marker" [stack: 0x00000026e7400000,0x00000026e7500000] [id=5056]
  0x000001e483ec4000 ConcurrentGCThread "G1 Conc#0" [stack: 0x00000026e7500000,0x00000026e7600000] [id=17184]
  0x000001e483f2e000 ConcurrentGCThread "G1 Refine#0" [stack: 0x00000026e7600000,0x00000026e7700000] [id=17052]
  0x000001e4a4ded800 ConcurrentGCThread "G1 Young RemSet Sampling" [stack: 0x00000026e7700000,0x00000026e7800000] [id=8368]

Threads with active compile tasks:
C2 CompilerThread0 146228 2212       4       org.gradle.api.internal.classpath.EffectiveClassPath::addClasspathFile (34 bytes)

VM state:not at safepoint (normal execution)

VM Mutex/Monitor currently owned by a thread: None

Heap address: 0x0000000700800000, size: 4088 MB, Compressed Oops mode: Zero based, Oop shift amount: 3
Narrow klass base: 0x0000000800000000, Narrow klass shift: 0
Compressed class space size: 1073741824 Address: 0x0000000800000000

Heap:
 garbage-first heap   total 262144K, used 156889K [0x0000000700800000, 0x0000000800000000)
  region size 1024K, 149 young (152576K), 5 survivors (5120K)
 Metaspace       used 16233K, capacity 16502K, committed 16768K, reserved 1064960K
  class space    used 1796K, capacity 1908K, committed 1920K, reserved 1048576K
Heap Regions: E=young(eden), S=young(survivor), O=old, HS=humongous(starts), HC=humongous(continues), CS=collection set, F=free, A=archive, TAMS=top-at-mark-start (previous, next)
|   0|0x0000000700800000, 0x0000000700800000, 0x0000000700900000|  0%| F|  |TAMS 0x0000000700800000, 0x0000000700800000| Untracked 
|   1|0x0000000700900000, 0x0000000700900000, 0x0000000700a00000|  0%| F|  |TAMS 0x0000000700900000, 0x0000000700900000| Untracked 
|   2|0x0000000700a00000, 0x0000000700a00000, 0x0000000700b00000|  0%| F|  |TAMS 0x0000000700a00000, 0x0000000700a00000| Untracked 
|   3|0x0000000700b00000, 0x0000000700c00000, 0x0000000700c00000|100%|HS|  |TAMS 0x0000000700b00000, 0x0000000700b00000| Complete 
|   4|0x0000000700c00000, 0x0000000700d00000, 0x0000000700d00000|100%|HC|  |TAMS 0x0000000700c00000, 0x0000000700c00000| Complete 
|   5|0x0000000700d00000, 0x0000000700e00000, 0x0000000700e00000|100%|HC|  |TAMS 0x0000000700d00000, 0x0000000700d00000| Complete 
|   6|0x0000000700e00000, 0x0000000700f00000, 0x0000000700f00000|100%| O|  |TAMS 0x0000000700e00000, 0x0000000700e00000| Untracked 
|   7|0x0000000700f00000, 0x0000000701000000, 0x0000000701000000|100%| O|  |TAMS 0x0000000700f00000, 0x0000000700f00000| Untracked 
|   8|0x0000000701000000, 0x0000000701067800, 0x0000000701100000| 40%| O|  |TAMS 0x0000000701000000, 0x0000000701000000| Untracked 
|   9|0x0000000701100000, 0x0000000701100000, 0x0000000701200000|  0%| F|  |TAMS 0x0000000701100000, 0x0000000701100000| Untracked 
|  10|0x0000000701200000, 0x0000000701200000, 0x0000000701300000|  0%| F|  |TAMS 0x0000000701200000, 0x0000000701200000| Untracked 
|  11|0x0000000701300000, 0x0000000701300000, 0x0000000701400000|  0%| F|  |TAMS 0x0000000701300000, 0x0000000701300000| Untracked 
|  12|0x0000000701400000, 0x0000000701400000, 0x0000000701500000|  0%| F|  |TAMS 0x0000000701400000, 0x0000000701400000| Untracked 
|  13|0x0000000701500000, 0x0000000701500000, 0x0000000701600000|  0%| F|  |TAMS 0x0000000701500000, 0x0000000701500000| Untracked 
|  14|0x0000000701600000, 0x0000000701600000, 0x0000000701700000|  0%| F|  |TAMS 0x0000000701600000, 0x0000000701600000| Untracked 
|  15|0x0000000701700000, 0x0000000701700000, 0x0000000701800000|  0%| F|  |TAMS 0x0000000701700000, 0x0000000701700000| Untracked 
|  16|0x0000000701800000, 0x0000000701800000, 0x0000000701900000|  0%| F|  |TAMS 0x0000000701800000, 0x0000000701800000| Untracked 
|  17|0x0000000701900000, 0x0000000701900000, 0x0000000701a00000|  0%| F|  |TAMS 0x0000000701900000, 0x0000000701900000| Untracked 
|  18|0x0000000701a00000, 0x0000000701a00000, 0x0000000701b00000|  0%| F|  |TAMS 0x0000000701a00000, 0x0000000701a00000| Untracked 
|  19|0x0000000701b00000, 0x0000000701b00000, 0x0000000701c00000|  0%| F|  |TAMS 0x0000000701b00000, 0x0000000701b00000| Untracked 
|  20|0x0000000701c00000, 0x0000000701c00000, 0x0000000701d00000|  0%| F|  |TAMS 0x0000000701c00000, 0x0000000701c00000| Untracked 
|  21|0x0000000701d00000, 0x0000000701d00000, 0x0000000701e00000|  0%| F|  |TAMS 0x0000000701d00000, 0x0000000701d00000| Untracked 
|  22|0x0000000701e00000, 0x0000000701e00000, 0x0000000701f00000|  0%| F|  |TAMS 0x0000000701e00000, 0x0000000701e00000| Untracked 
|  23|0x0000000701f00000, 0x0000000701f00000, 0x0000000702000000|  0%| F|  |TAMS 0x0000000701f00000, 0x0000000701f00000| Untracked 
|  24|0x0000000702000000, 0x0000000702000000, 0x0000000702100000|  0%| F|  |TAMS 0x0000000702000000, 0x0000000702000000| Untracked 
|  25|0x0000000702100000, 0x0000000702100000, 0x0000000702200000|  0%| F|  |TAMS 0x0000000702100000, 0x0000000702100000| Untracked 
|  26|0x0000000702200000, 0x0000000702200000, 0x0000000702300000|  0%| F|  |TAMS 0x0000000702200000, 0x0000000702200000| Untracked 
|  27|0x0000000702300000, 0x0000000702300000, 0x0000000702400000|  0%| F|  |TAMS 0x0000000702300000, 0x0000000702300000| Untracked 
|  28|0x0000000702400000, 0x0000000702400000, 0x0000000702500000|  0%| F|  |TAMS 0x0000000702400000, 0x0000000702400000| Untracked 
|  29|0x0000000702500000, 0x0000000702500000, 0x0000000702600000|  0%| F|  |TAMS 0x0000000702500000, 0x0000000702500000| Untracked 
|  30|0x0000000702600000, 0x0000000702600000, 0x0000000702700000|  0%| F|  |TAMS 0x0000000702600000, 0x0000000702600000| Untracked 
|  31|0x0000000702700000, 0x0000000702700000, 0x0000000702800000|  0%| F|  |TAMS 0x0000000702700000, 0x0000000702700000| Untracked 
|  32|0x0000000702800000, 0x0000000702800000, 0x0000000702900000|  0%| F|  |TAMS 0x0000000702800000, 0x0000000702800000| Untracked 
|  33|0x0000000702900000, 0x0000000702900000, 0x0000000702a00000|  0%| F|  |TAMS 0x0000000702900000, 0x0000000702900000| Untracked 
|  34|0x0000000702a00000, 0x0000000702a00000, 0x0000000702b00000|  0%| F|  |TAMS 0x0000000702a00000, 0x0000000702a00000| Untracked 
|  35|0x0000000702b00000, 0x0000000702b00000, 0x0000000702c00000|  0%| F|  |TAMS 0x0000000702b00000, 0x0000000702b00000| Untracked 
|  36|0x0000000702c00000, 0x0000000702c00000, 0x0000000702d00000|  0%| F|  |TAMS 0x0000000702c00000, 0x0000000702c00000| Untracked 
|  37|0x0000000702d00000, 0x0000000702d00000, 0x0000000702e00000|  0%| F|  |TAMS 0x0000000702d00000, 0x0000000702d00000| Untracked 
|  38|0x0000000702e00000, 0x0000000702e00000, 0x0000000702f00000|  0%| F|  |TAMS 0x0000000702e00000, 0x0000000702e00000| Untracked 
|  39|0x0000000702f00000, 0x0000000702f00000, 0x0000000703000000|  0%| F|  |TAMS 0x0000000702f00000, 0x0000000702f00000| Untracked 
|  40|0x0000000703000000, 0x0000000703000000, 0x0000000703100000|  0%| F|  |TAMS 0x0000000703000000, 0x0000000703000000| Untracked 
|  41|0x0000000703100000, 0x0000000703100000, 0x0000000703200000|  0%| F|  |TAMS 0x0000000703100000, 0x0000000703100000| Untracked 
|  42|0x0000000703200000, 0x0000000703200000, 0x0000000703300000|  0%| F|  |TAMS 0x0000000703200000, 0x0000000703200000| Untracked 
|  43|0x0000000703300000, 0x0000000703300000, 0x0000000703400000|  0%| F|  |TAMS 0x0000000703300000, 0x0000000703300000| Untracked 
|  44|0x0000000703400000, 0x0000000703400000, 0x0000000703500000|  0%| F|  |TAMS 0x0000000703400000, 0x0000000703400000| Untracked 
|  45|0x0000000703500000, 0x0000000703500000, 0x0000000703600000|  0%| F|  |TAMS 0x0000000703500000, 0x0000000703500000| Untracked 
|  46|0x0000000703600000, 0x0000000703600000, 0x0000000703700000|  0%| F|  |TAMS 0x0000000703600000, 0x0000000703600000| Untracked 
|  47|0x0000000703700000, 0x0000000703700000, 0x0000000703800000|  0%| F|  |TAMS 0x0000000703700000, 0x0000000703700000| Untracked 
|  48|0x0000000703800000, 0x0000000703800000, 0x0000000703900000|  0%| F|  |TAMS 0x0000000703800000, 0x0000000703800000| Untracked 
|  49|0x0000000703900000, 0x0000000703900000, 0x0000000703a00000|  0%| F|  |TAMS 0x0000000703900000, 0x0000000703900000| Untracked 
|  50|0x0000000703a00000, 0x0000000703a00000, 0x0000000703b00000|  0%| F|  |TAMS 0x0000000703a00000, 0x0000000703a00000| Untracked 
|  51|0x0000000703b00000, 0x0000000703b00000, 0x0000000703c00000|  0%| F|  |TAMS 0x0000000703b00000, 0x0000000703b00000| Untracked 
|  52|0x0000000703c00000, 0x0000000703c00000, 0x0000000703d00000|  0%| F|  |TAMS 0x0000000703c00000, 0x0000000703c00000| Untracked 
|  53|0x0000000703d00000, 0x0000000703d00000, 0x0000000703e00000|  0%| F|  |TAMS 0x0000000703d00000, 0x0000000703d00000| Untracked 
|  54|0x0000000703e00000, 0x0000000703e00000, 0x0000000703f00000|  0%| F|  |TAMS 0x0000000703e00000, 0x0000000703e00000| Untracked 
|  55|0x0000000703f00000, 0x0000000703f00000, 0x0000000704000000|  0%| F|  |TAMS 0x0000000703f00000, 0x0000000703f00000| Untracked 
|  56|0x0000000704000000, 0x0000000704000000, 0x0000000704100000|  0%| F|  |TAMS 0x0000000704000000, 0x0000000704000000| Untracked 
|  57|0x0000000704100000, 0x0000000704100000, 0x0000000704200000|  0%| F|  |TAMS 0x0000000704100000, 0x0000000704100000| Untracked 
|  58|0x0000000704200000, 0x0000000704200000, 0x0000000704300000|  0%| F|  |TAMS 0x0000000704200000, 0x0000000704200000| Untracked 
|  59|0x0000000704300000, 0x0000000704300000, 0x0000000704400000|  0%| F|  |TAMS 0x0000000704300000, 0x0000000704300000| Untracked 
|  60|0x0000000704400000, 0x0000000704400000, 0x0000000704500000|  0%| F|  |TAMS 0x0000000704400000, 0x0000000704400000| Untracked 
|  61|0x0000000704500000, 0x0000000704500000, 0x0000000704600000|  0%| F|  |TAMS 0x0000000704500000, 0x0000000704500000| Untracked 
|  62|0x0000000704600000, 0x0000000704600000, 0x0000000704700000|  0%| F|  |TAMS 0x0000000704600000, 0x0000000704600000| Untracked 
|  63|0x0000000704700000, 0x0000000704700000, 0x0000000704800000|  0%| F|  |TAMS 0x0000000704700000, 0x0000000704700000| Untracked 
|  64|0x0000000704800000, 0x0000000704800000, 0x0000000704900000|  0%| F|  |TAMS 0x0000000704800000, 0x0000000704800000| Untracked 
|  65|0x0000000704900000, 0x0000000704900000, 0x0000000704a00000|  0%| F|  |TAMS 0x0000000704900000, 0x0000000704900000| Untracked 
|  66|0x0000000704a00000, 0x0000000704a00000, 0x0000000704b00000|  0%| F|  |TAMS 0x0000000704a00000, 0x0000000704a00000| Untracked 
|  67|0x0000000704b00000, 0x0000000704b00000, 0x0000000704c00000|  0%| F|  |TAMS 0x0000000704b00000, 0x0000000704b00000| Untracked 
|  68|0x0000000704c00000, 0x0000000704c00000, 0x0000000704d00000|  0%| F|  |TAMS 0x0000000704c00000, 0x0000000704c00000| Untracked 
|  69|0x0000000704d00000, 0x0000000704d00000, 0x0000000704e00000|  0%| F|  |TAMS 0x0000000704d00000, 0x0000000704d00000| Untracked 
|  70|0x0000000704e00000, 0x0000000704e00000, 0x0000000704f00000|  0%| F|  |TAMS 0x0000000704e00000, 0x0000000704e00000| Untracked 
|  71|0x0000000704f00000, 0x0000000704f00000, 0x0000000705000000|  0%| F|  |TAMS 0x0000000704f00000, 0x0000000704f00000| Untracked 
|  72|0x0000000705000000, 0x0000000705000000, 0x0000000705100000|  0%| F|  |TAMS 0x0000000705000000, 0x0000000705000000| Untracked 
|  73|0x0000000705100000, 0x0000000705100000, 0x0000000705200000|  0%| F|  |TAMS 0x0000000705100000, 0x0000000705100000| Untracked 
|  74|0x0000000705200000, 0x0000000705200000, 0x0000000705300000|  0%| F|  |TAMS 0x0000000705200000, 0x0000000705200000| Untracked 
|  75|0x0000000705300000, 0x0000000705300000, 0x0000000705400000|  0%| F|  |TAMS 0x0000000705300000, 0x0000000705300000| Untracked 
|  76|0x0000000705400000, 0x0000000705400000, 0x0000000705500000|  0%| F|  |TAMS 0x0000000705400000, 0x0000000705400000| Untracked 
|  77|0x0000000705500000, 0x0000000705500000, 0x0000000705600000|  0%| F|  |TAMS 0x0000000705500000, 0x0000000705500000| Untracked 
|  78|0x0000000705600000, 0x0000000705600000, 0x0000000705700000|  0%| F|  |TAMS 0x0000000705600000, 0x0000000705600000| Untracked 
|  79|0x0000000705700000, 0x0000000705700000, 0x0000000705800000|  0%| F|  |TAMS 0x0000000705700000, 0x0000000705700000| Untracked 
|  80|0x0000000705800000, 0x0000000705800000, 0x0000000705900000|  0%| F|  |TAMS 0x0000000705800000, 0x0000000705800000| Untracked 
|  81|0x0000000705900000, 0x0000000705900000, 0x0000000705a00000|  0%| F|  |TAMS 0x0000000705900000, 0x0000000705900000| Untracked 
|  82|0x0000000705a00000, 0x0000000705a00000, 0x0000000705b00000|  0%| F|  |TAMS 0x0000000705a00000, 0x0000000705a00000| Untracked 
|  83|0x0000000705b00000, 0x0000000705b00000, 0x0000000705c00000|  0%| F|  |TAMS 0x0000000705b00000, 0x0000000705b00000| Untracked 
|  84|0x0000000705c00000, 0x0000000705c00000, 0x0000000705d00000|  0%| F|  |TAMS 0x0000000705c00000, 0x0000000705c00000| Untracked 
|  85|0x0000000705d00000, 0x0000000705d00000, 0x0000000705e00000|  0%| F|  |TAMS 0x0000000705d00000, 0x0000000705d00000| Untracked 
|  86|0x0000000705e00000, 0x0000000705e00000, 0x0000000705f00000|  0%| F|  |TAMS 0x0000000705e00000, 0x0000000705e00000| Untracked 
|  87|0x0000000705f00000, 0x0000000705f00000, 0x0000000706000000|  0%| F|  |TAMS 0x0000000705f00000, 0x0000000705f00000| Untracked 
|  88|0x0000000706000000, 0x0000000706000000, 0x0000000706100000|  0%| F|  |TAMS 0x0000000706000000, 0x0000000706000000| Untracked 
|  89|0x0000000706100000, 0x0000000706100000, 0x0000000706200000|  0%| F|  |TAMS 0x0000000706100000, 0x0000000706100000| Untracked 
|  90|0x0000000706200000, 0x0000000706200000, 0x0000000706300000|  0%| F|  |TAMS 0x0000000706200000, 0x0000000706200000| Untracked 
|  91|0x0000000706300000, 0x0000000706300000, 0x0000000706400000|  0%| F|  |TAMS 0x0000000706300000, 0x0000000706300000| Untracked 
|  92|0x0000000706400000, 0x0000000706400000, 0x0000000706500000|  0%| F|  |TAMS 0x0000000706400000, 0x0000000706400000| Untracked 
|  93|0x0000000706500000, 0x0000000706500000, 0x0000000706600000|  0%| F|  |TAMS 0x0000000706500000, 0x0000000706500000| Untracked 
|  94|0x0000000706600000, 0x0000000706600000, 0x0000000706700000|  0%| F|  |TAMS 0x0000000706600000, 0x0000000706600000| Untracked 
|  95|0x0000000706700000, 0x0000000706700000, 0x0000000706800000|  0%| F|  |TAMS 0x0000000706700000, 0x0000000706700000| Untracked 
|  96|0x0000000706800000, 0x0000000706800000, 0x0000000706900000|  0%| F|  |TAMS 0x0000000706800000, 0x0000000706800000| Untracked 
|  97|0x0000000706900000, 0x0000000706900000, 0x0000000706a00000|  0%| F|  |TAMS 0x0000000706900000, 0x0000000706900000| Untracked 
|  98|0x0000000706a00000, 0x0000000706aceef0, 0x0000000706b00000| 80%| S|CS|TAMS 0x0000000706a00000, 0x0000000706a00000| Complete 
|  99|0x0000000706b00000, 0x0000000706c00000, 0x0000000706c00000|100%| S|CS|TAMS 0x0000000706b00000, 0x0000000706b00000| Complete 
| 100|0x0000000706c00000, 0x0000000706d00000, 0x0000000706d00000|100%| S|CS|TAMS 0x0000000706c00000, 0x0000000706c00000| Complete 
| 101|0x0000000706d00000, 0x0000000706e00000, 0x0000000706e00000|100%| S|CS|TAMS 0x0000000706d00000, 0x0000000706d00000| Complete 
| 102|0x0000000706e00000, 0x0000000706f00000, 0x0000000706f00000|100%| S|CS|TAMS 0x0000000706e00000, 0x0000000706e00000| Complete 
| 103|0x0000000706f00000, 0x0000000706f00000, 0x0000000707000000|  0%| F|  |TAMS 0x0000000706f00000, 0x0000000706f00000| Untracked 
| 104|0x0000000707000000, 0x0000000707000000, 0x0000000707100000|  0%| F|  |TAMS 0x0000000707000000, 0x0000000707000000| Untracked 
| 105|0x0000000707100000, 0x0000000707100000, 0x0000000707200000|  0%| F|  |TAMS 0x0000000707100000, 0x0000000707100000| Untracked 
| 106|0x0000000707200000, 0x0000000707200000, 0x0000000707300000|  0%| F|  |TAMS 0x0000000707200000, 0x0000000707200000| Untracked 
| 107|0x0000000707300000, 0x0000000707300000, 0x0000000707400000|  0%| F|  |TAMS 0x0000000707300000, 0x0000000707300000| Untracked 
| 108|0x0000000707400000, 0x0000000707400000, 0x0000000707500000|  0%| F|  |TAMS 0x0000000707400000, 0x0000000707400000| Untracked 
| 109|0x0000000707500000, 0x0000000707500000, 0x0000000707600000|  0%| F|  |TAMS 0x0000000707500000, 0x0000000707500000| Untracked 
| 110|0x0000000707600000, 0x0000000707600000, 0x0000000707700000|  0%| F|  |TAMS 0x0000000707600000, 0x0000000707600000| Untracked 
| 111|0x0000000707700000, 0x0000000707700000, 0x0000000707800000|  0%| F|  |TAMS 0x0000000707700000, 0x0000000707700000| Untracked 
| 112|0x0000000707800000, 0x0000000707900000, 0x0000000707900000|100%| E|  |TAMS 0x0000000707800000, 0x0000000707800000| Complete 
| 113|0x0000000707900000, 0x0000000707a00000, 0x0000000707a00000|100%| E|CS|TAMS 0x0000000707900000, 0x0000000707900000| Complete 
| 114|0x0000000707a00000, 0x0000000707b00000, 0x0000000707b00000|100%| E|CS|TAMS 0x0000000707a00000, 0x0000000707a00000| Complete 
| 115|0x0000000707b00000, 0x0000000707c00000, 0x0000000707c00000|100%| E|CS|TAMS 0x0000000707b00000, 0x0000000707b00000| Complete 
| 116|0x0000000707c00000, 0x0000000707d00000, 0x0000000707d00000|100%| E|CS|TAMS 0x0000000707c00000, 0x0000000707c00000| Complete 
| 117|0x0000000707d00000, 0x0000000707e00000, 0x0000000707e00000|100%| E|CS|TAMS 0x0000000707d00000, 0x0000000707d00000| Complete 
| 118|0x0000000707e00000, 0x0000000707f00000, 0x0000000707f00000|100%| E|CS|TAMS 0x0000000707e00000, 0x0000000707e00000| Complete 
| 119|0x0000000707f00000, 0x0000000708000000, 0x0000000708000000|100%| E|CS|TAMS 0x0000000707f00000, 0x0000000707f00000| Complete 
| 120|0x0000000708000000, 0x0000000708100000, 0x0000000708100000|100%| E|CS|TAMS 0x0000000708000000, 0x0000000708000000| Complete 
| 121|0x0000000708100000, 0x0000000708200000, 0x0000000708200000|100%| E|CS|TAMS 0x0000000708100000, 0x0000000708100000| Complete 
| 122|0x0000000708200000, 0x0000000708300000, 0x0000000708300000|100%| E|CS|TAMS 0x0000000708200000, 0x0000000708200000| Complete 
| 123|0x0000000708300000, 0x0000000708400000, 0x0000000708400000|100%| E|CS|TAMS 0x0000000708300000, 0x0000000708300000| Complete 
| 124|0x0000000708400000, 0x0000000708500000, 0x0000000708500000|100%| E|CS|TAMS 0x0000000708400000, 0x0000000708400000| Complete 
| 125|0x0000000708500000, 0x0000000708600000, 0x0000000708600000|100%| E|CS|TAMS 0x0000000708500000, 0x0000000708500000| Complete 
| 126|0x0000000708600000, 0x0000000708700000, 0x0000000708700000|100%| E|CS|TAMS 0x0000000708600000, 0x0000000708600000| Complete 
| 127|0x0000000708700000, 0x0000000708800000, 0x0000000708800000|100%| E|CS|TAMS 0x0000000708700000, 0x0000000708700000| Complete 
| 128|0x0000000708800000, 0x0000000708900000, 0x0000000708900000|100%| E|CS|TAMS 0x0000000708800000, 0x0000000708800000| Complete 
| 129|0x0000000708900000, 0x0000000708a00000, 0x0000000708a00000|100%| E|CS|TAMS 0x0000000708900000, 0x0000000708900000| Complete 
| 130|0x0000000708a00000, 0x0000000708b00000, 0x0000000708b00000|100%| E|CS|TAMS 0x0000000708a00000, 0x0000000708a00000| Complete 
| 131|0x0000000708b00000, 0x0000000708c00000, 0x0000000708c00000|100%| E|CS|TAMS 0x0000000708b00000, 0x0000000708b00000| Complete 
| 132|0x0000000708c00000, 0x0000000708d00000, 0x0000000708d00000|100%| E|CS|TAMS 0x0000000708c00000, 0x0000000708c00000| Complete 
| 133|0x0000000708d00000, 0x0000000708e00000, 0x0000000708e00000|100%| E|CS|TAMS 0x0000000708d00000, 0x0000000708d00000| Complete 
| 134|0x0000000708e00000, 0x0000000708f00000, 0x0000000708f00000|100%| E|CS|TAMS 0x0000000708e00000, 0x0000000708e00000| Complete 
| 135|0x0000000708f00000, 0x0000000709000000, 0x0000000709000000|100%| E|CS|TAMS 0x0000000708f00000, 0x0000000708f00000| Complete 
| 136|0x0000000709000000, 0x0000000709100000, 0x0000000709100000|100%| E|CS|TAMS 0x0000000709000000, 0x0000000709000000| Complete 
| 137|0x0000000709100000, 0x0000000709200000, 0x0000000709200000|100%| E|CS|TAMS 0x0000000709100000, 0x0000000709100000| Complete 
| 138|0x0000000709200000, 0x0000000709300000, 0x0000000709300000|100%| E|CS|TAMS 0x0000000709200000, 0x0000000709200000| Complete 
| 139|0x0000000709300000, 0x0000000709400000, 0x0000000709400000|100%| E|CS|TAMS 0x0000000709300000, 0x0000000709300000| Complete 
| 140|0x0000000709400000, 0x0000000709500000, 0x0000000709500000|100%| E|CS|TAMS 0x0000000709400000, 0x0000000709400000| Complete 
| 141|0x0000000709500000, 0x0000000709600000, 0x0000000709600000|100%| E|CS|TAMS 0x0000000709500000, 0x0000000709500000| Complete 
| 142|0x0000000709600000, 0x0000000709700000, 0x0000000709700000|100%| E|CS|TAMS 0x0000000709600000, 0x0000000709600000| Complete 
| 143|0x0000000709700000, 0x0000000709800000, 0x0000000709800000|100%| E|CS|TAMS 0x0000000709700000, 0x0000000709700000| Complete 
| 144|0x0000000709800000, 0x0000000709900000, 0x0000000709900000|100%| E|CS|TAMS 0x0000000709800000, 0x0000000709800000| Complete 
| 145|0x0000000709900000, 0x0000000709a00000, 0x0000000709a00000|100%| E|CS|TAMS 0x0000000709900000, 0x0000000709900000| Complete 
| 146|0x0000000709a00000, 0x0000000709b00000, 0x0000000709b00000|100%| E|CS|TAMS 0x0000000709a00000, 0x0000000709a00000| Complete 
| 147|0x0000000709b00000, 0x0000000709c00000, 0x0000000709c00000|100%| E|CS|TAMS 0x0000000709b00000, 0x0000000709b00000| Complete 
| 148|0x0000000709c00000, 0x0000000709d00000, 0x0000000709d00000|100%| E|CS|TAMS 0x0000000709c00000, 0x0000000709c00000| Complete 
| 149|0x0000000709d00000, 0x0000000709e00000, 0x0000000709e00000|100%| E|CS|TAMS 0x0000000709d00000, 0x0000000709d00000| Complete 
| 150|0x0000000709e00000, 0x0000000709f00000, 0x0000000709f00000|100%| E|CS|TAMS 0x0000000709e00000, 0x0000000709e00000| Complete 
| 151|0x0000000709f00000, 0x000000070a000000, 0x000000070a000000|100%| E|CS|TAMS 0x0000000709f00000, 0x0000000709f00000| Complete 
| 152|0x000000070a000000, 0x000000070a100000, 0x000000070a100000|100%| E|CS|TAMS 0x000000070a000000, 0x000000070a000000| Complete 
| 153|0x000000070a100000, 0x000000070a200000, 0x000000070a200000|100%| E|CS|TAMS 0x000000070a100000, 0x000000070a100000| Complete 
| 154|0x000000070a200000, 0x000000070a300000, 0x000000070a300000|100%| E|CS|TAMS 0x000000070a200000, 0x000000070a200000| Complete 
| 155|0x000000070a300000, 0x000000070a400000, 0x000000070a400000|100%| E|CS|TAMS 0x000000070a300000, 0x000000070a300000| Complete 
| 156|0x000000070a400000, 0x000000070a500000, 0x000000070a500000|100%| E|CS|TAMS 0x000000070a400000, 0x000000070a400000| Complete 
| 157|0x000000070a500000, 0x000000070a600000, 0x000000070a600000|100%| E|CS|TAMS 0x000000070a500000, 0x000000070a500000| Complete 
| 158|0x000000070a600000, 0x000000070a700000, 0x000000070a700000|100%| E|CS|TAMS 0x000000070a600000, 0x000000070a600000| Complete 
| 159|0x000000070a700000, 0x000000070a800000, 0x000000070a800000|100%| E|CS|TAMS 0x000000070a700000, 0x000000070a700000| Complete 
| 160|0x000000070a800000, 0x000000070a900000, 0x000000070a900000|100%| E|CS|TAMS 0x000000070a800000, 0x000000070a800000| Complete 
| 161|0x000000070a900000, 0x000000070aa00000, 0x000000070aa00000|100%| E|CS|TAMS 0x000000070a900000, 0x000000070a900000| Complete 
| 162|0x000000070aa00000, 0x000000070ab00000, 0x000000070ab00000|100%| E|CS|TAMS 0x000000070aa00000, 0x000000070aa00000| Complete 
| 163|0x000000070ab00000, 0x000000070ac00000, 0x000000070ac00000|100%| E|CS|TAMS 0x000000070ab00000, 0x000000070ab00000| Complete 
| 164|0x000000070ac00000, 0x000000070ad00000, 0x000000070ad00000|100%| E|CS|TAMS 0x000000070ac00000, 0x000000070ac00000| Complete 
| 165|0x000000070ad00000, 0x000000070ae00000, 0x000000070ae00000|100%| E|CS|TAMS 0x000000070ad00000, 0x000000070ad00000| Complete 
| 166|0x000000070ae00000, 0x000000070af00000, 0x000000070af00000|100%| E|CS|TAMS 0x000000070ae00000, 0x000000070ae00000| Complete 
| 167|0x000000070af00000, 0x000000070b000000, 0x000000070b000000|100%| E|CS|TAMS 0x000000070af00000, 0x000000070af00000| Complete 
| 168|0x000000070b000000, 0x000000070b100000, 0x000000070b100000|100%| E|CS|TAMS 0x000000070b000000, 0x000000070b000000| Complete 
| 169|0x000000070b100000, 0x000000070b200000, 0x000000070b200000|100%| E|CS|TAMS 0x000000070b100000, 0x000000070b100000| Complete 
| 170|0x000000070b200000, 0x000000070b300000, 0x000000070b300000|100%| E|CS|TAMS 0x000000070b200000, 0x000000070b200000| Complete 
| 171|0x000000070b300000, 0x000000070b400000, 0x000000070b400000|100%| E|CS|TAMS 0x000000070b300000, 0x000000070b300000| Complete 
| 172|0x000000070b400000, 0x000000070b500000, 0x000000070b500000|100%| E|CS|TAMS 0x000000070b400000, 0x000000070b400000| Complete 
| 173|0x000000070b500000, 0x000000070b600000, 0x000000070b600000|100%| E|CS|TAMS 0x000000070b500000, 0x000000070b500000| Complete 
| 174|0x000000070b600000, 0x000000070b700000, 0x000000070b700000|100%| E|CS|TAMS 0x000000070b600000, 0x000000070b600000| Complete 
| 175|0x000000070b700000, 0x000000070b800000, 0x000000070b800000|100%| E|CS|TAMS 0x000000070b700000, 0x000000070b700000| Complete 
| 176|0x000000070b800000, 0x000000070b900000, 0x000000070b900000|100%| E|CS|TAMS 0x000000070b800000, 0x000000070b800000| Complete 
| 177|0x000000070b900000, 0x000000070ba00000, 0x000000070ba00000|100%| E|CS|TAMS 0x000000070b900000, 0x000000070b900000| Complete 
| 178|0x000000070ba00000, 0x000000070bb00000, 0x000000070bb00000|100%| E|CS|TAMS 0x000000070ba00000, 0x000000070ba00000| Complete 
| 179|0x000000070bb00000, 0x000000070bc00000, 0x000000070bc00000|100%| E|CS|TAMS 0x000000070bb00000, 0x000000070bb00000| Complete 
| 180|0x000000070bc00000, 0x000000070bd00000, 0x000000070bd00000|100%| E|CS|TAMS 0x000000070bc00000, 0x000000070bc00000| Complete 
| 181|0x000000070bd00000, 0x000000070be00000, 0x000000070be00000|100%| E|CS|TAMS 0x000000070bd00000, 0x000000070bd00000| Complete 
| 182|0x000000070be00000, 0x000000070bf00000, 0x000000070bf00000|100%| E|CS|TAMS 0x000000070be00000, 0x000000070be00000| Complete 
| 183|0x000000070bf00000, 0x000000070c000000, 0x000000070c000000|100%| E|CS|TAMS 0x000000070bf00000, 0x000000070bf00000| Complete 
| 184|0x000000070c000000, 0x000000070c100000, 0x000000070c100000|100%| E|CS|TAMS 0x000000070c000000, 0x000000070c000000| Complete 
| 185|0x000000070c100000, 0x000000070c200000, 0x000000070c200000|100%| E|CS|TAMS 0x000000070c100000, 0x000000070c100000| Complete 
| 186|0x000000070c200000, 0x000000070c300000, 0x000000070c300000|100%| E|CS|TAMS 0x000000070c200000, 0x000000070c200000| Complete 
| 187|0x000000070c300000, 0x000000070c400000, 0x000000070c400000|100%| E|CS|TAMS 0x000000070c300000, 0x000000070c300000| Complete 
| 188|0x000000070c400000, 0x000000070c500000, 0x000000070c500000|100%| E|CS|TAMS 0x000000070c400000, 0x000000070c400000| Complete 
| 189|0x000000070c500000, 0x000000070c600000, 0x000000070c600000|100%| E|CS|TAMS 0x000000070c500000, 0x000000070c500000| Complete 
| 190|0x000000070c600000, 0x000000070c700000, 0x000000070c700000|100%| E|CS|TAMS 0x000000070c600000, 0x000000070c600000| Complete 
| 191|0x000000070c700000, 0x000000070c800000, 0x000000070c800000|100%| E|CS|TAMS 0x000000070c700000, 0x000000070c700000| Complete 
| 192|0x000000070c800000, 0x000000070c900000, 0x000000070c900000|100%| E|CS|TAMS 0x000000070c800000, 0x000000070c800000| Complete 
| 193|0x000000070c900000, 0x000000070ca00000, 0x000000070ca00000|100%| E|CS|TAMS 0x000000070c900000, 0x000000070c900000| Complete 
| 194|0x000000070ca00000, 0x000000070cb00000, 0x000000070cb00000|100%| E|CS|TAMS 0x000000070ca00000, 0x000000070ca00000| Complete 
| 195|0x000000070cb00000, 0x000000070cc00000, 0x000000070cc00000|100%| E|CS|TAMS 0x000000070cb00000, 0x000000070cb00000| Complete 
| 196|0x000000070cc00000, 0x000000070cd00000, 0x000000070cd00000|100%| E|CS|TAMS 0x000000070cc00000, 0x000000070cc00000| Complete 
| 197|0x000000070cd00000, 0x000000070ce00000, 0x000000070ce00000|100%| E|CS|TAMS 0x000000070cd00000, 0x000000070cd00000| Complete 
| 198|0x000000070ce00000, 0x000000070cf00000, 0x000000070cf00000|100%| E|CS|TAMS 0x000000070ce00000, 0x000000070ce00000| Complete 
| 199|0x000000070cf00000, 0x000000070d000000, 0x000000070d000000|100%| E|CS|TAMS 0x000000070cf00000, 0x000000070cf00000| Complete 
| 200|0x000000070d000000, 0x000000070d100000, 0x000000070d100000|100%| E|CS|TAMS 0x000000070d000000, 0x000000070d000000| Complete 
| 201|0x000000070d100000, 0x000000070d200000, 0x000000070d200000|100%| E|CS|TAMS 0x000000070d100000, 0x000000070d100000| Complete 
| 202|0x000000070d200000, 0x000000070d300000, 0x000000070d300000|100%| E|CS|TAMS 0x000000070d200000, 0x000000070d200000| Complete 
| 203|0x000000070d300000, 0x000000070d400000, 0x000000070d400000|100%| E|CS|TAMS 0x000000070d300000, 0x000000070d300000| Complete 
| 204|0x000000070d400000, 0x000000070d500000, 0x000000070d500000|100%| E|CS|TAMS 0x000000070d400000, 0x000000070d400000| Complete 
| 205|0x000000070d500000, 0x000000070d600000, 0x000000070d600000|100%| E|CS|TAMS 0x000000070d500000, 0x000000070d500000| Complete 
| 206|0x000000070d600000, 0x000000070d700000, 0x000000070d700000|100%| E|CS|TAMS 0x000000070d600000, 0x000000070d600000| Complete 
| 207|0x000000070d700000, 0x000000070d800000, 0x000000070d800000|100%| E|CS|TAMS 0x000000070d700000, 0x000000070d700000| Complete 
| 208|0x000000070d800000, 0x000000070d900000, 0x000000070d900000|100%| E|CS|TAMS 0x000000070d800000, 0x000000070d800000| Complete 
| 209|0x000000070d900000, 0x000000070da00000, 0x000000070da00000|100%| E|CS|TAMS 0x000000070d900000, 0x000000070d900000| Complete 
| 210|0x000000070da00000, 0x000000070db00000, 0x000000070db00000|100%| E|CS|TAMS 0x000000070da00000, 0x000000070da00000| Complete 
| 211|0x000000070db00000, 0x000000070dc00000, 0x000000070dc00000|100%| E|CS|TAMS 0x000000070db00000, 0x000000070db00000| Complete 
| 212|0x000000070dc00000, 0x000000070dd00000, 0x000000070dd00000|100%| E|CS|TAMS 0x000000070dc00000, 0x000000070dc00000| Complete 
| 213|0x000000070dd00000, 0x000000070de00000, 0x000000070de00000|100%| E|CS|TAMS 0x000000070dd00000, 0x000000070dd00000| Complete 
| 214|0x000000070de00000, 0x000000070df00000, 0x000000070df00000|100%| E|CS|TAMS 0x000000070de00000, 0x000000070de00000| Complete 
| 215|0x000000070df00000, 0x000000070e000000, 0x000000070e000000|100%| E|CS|TAMS 0x000000070df00000, 0x000000070df00000| Complete 
| 216|0x000000070e000000, 0x000000070e100000, 0x000000070e100000|100%| E|CS|TAMS 0x000000070e000000, 0x000000070e000000| Complete 
| 217|0x000000070e100000, 0x000000070e200000, 0x000000070e200000|100%| E|CS|TAMS 0x000000070e100000, 0x000000070e100000| Complete 
| 218|0x000000070e200000, 0x000000070e300000, 0x000000070e300000|100%| E|CS|TAMS 0x000000070e200000, 0x000000070e200000| Complete 
| 219|0x000000070e300000, 0x000000070e400000, 0x000000070e400000|100%| E|CS|TAMS 0x000000070e300000, 0x000000070e300000| Complete 
| 220|0x000000070e400000, 0x000000070e500000, 0x000000070e500000|100%| E|CS|TAMS 0x000000070e400000, 0x000000070e400000| Complete 
| 221|0x000000070e500000, 0x000000070e600000, 0x000000070e600000|100%| E|CS|TAMS 0x000000070e500000, 0x000000070e500000| Complete 
| 222|0x000000070e600000, 0x000000070e700000, 0x000000070e700000|100%| E|CS|TAMS 0x000000070e600000, 0x000000070e600000| Complete 
| 223|0x000000070e700000, 0x000000070e800000, 0x000000070e800000|100%| E|CS|TAMS 0x000000070e700000, 0x000000070e700000| Complete 
| 224|0x000000070e800000, 0x000000070e900000, 0x000000070e900000|100%| E|CS|TAMS 0x000000070e800000, 0x000000070e800000| Complete 
| 225|0x000000070e900000, 0x000000070ea00000, 0x000000070ea00000|100%| E|CS|TAMS 0x000000070e900000, 0x000000070e900000| Complete 
| 226|0x000000070ea00000, 0x000000070eb00000, 0x000000070eb00000|100%| E|CS|TAMS 0x000000070ea00000, 0x000000070ea00000| Complete 
| 227|0x000000070eb00000, 0x000000070ec00000, 0x000000070ec00000|100%| E|CS|TAMS 0x000000070eb00000, 0x000000070eb00000| Complete 
| 228|0x000000070ec00000, 0x000000070ed00000, 0x000000070ed00000|100%| E|CS|TAMS 0x000000070ec00000, 0x000000070ec00000| Complete 
| 229|0x000000070ed00000, 0x000000070ee00000, 0x000000070ee00000|100%| E|CS|TAMS 0x000000070ed00000, 0x000000070ed00000| Complete 
| 230|0x000000070ee00000, 0x000000070ef00000, 0x000000070ef00000|100%| E|CS|TAMS 0x000000070ee00000, 0x000000070ee00000| Complete 
| 231|0x000000070ef00000, 0x000000070f000000, 0x000000070f000000|100%| E|CS|TAMS 0x000000070ef00000, 0x000000070ef00000| Complete 
| 232|0x000000070f000000, 0x000000070f100000, 0x000000070f100000|100%| E|CS|TAMS 0x000000070f000000, 0x000000070f000000| Complete 
| 233|0x000000070f100000, 0x000000070f200000, 0x000000070f200000|100%| E|CS|TAMS 0x000000070f100000, 0x000000070f100000| Complete 
| 234|0x000000070f200000, 0x000000070f300000, 0x000000070f300000|100%| E|CS|TAMS 0x000000070f200000, 0x000000070f200000| Complete 
| 235|0x000000070f300000, 0x000000070f400000, 0x000000070f400000|100%| E|CS|TAMS 0x000000070f300000, 0x000000070f300000| Complete 
| 236|0x000000070f400000, 0x000000070f500000, 0x000000070f500000|100%| E|CS|TAMS 0x000000070f400000, 0x000000070f400000| Complete 
| 237|0x000000070f500000, 0x000000070f600000, 0x000000070f600000|100%| E|CS|TAMS 0x000000070f500000, 0x000000070f500000| Complete 
| 238|0x000000070f600000, 0x000000070f700000, 0x000000070f700000|100%| E|CS|TAMS 0x000000070f600000, 0x000000070f600000| Complete 
| 239|0x000000070f700000, 0x000000070f800000, 0x000000070f800000|100%| E|CS|TAMS 0x000000070f700000, 0x000000070f700000| Complete 
| 240|0x000000070f800000, 0x000000070f900000, 0x000000070f900000|100%| E|CS|TAMS 0x000000070f800000, 0x000000070f800000| Complete 
| 241|0x000000070f900000, 0x000000070fa00000, 0x000000070fa00000|100%| E|CS|TAMS 0x000000070f900000, 0x000000070f900000| Complete 
| 242|0x000000070fa00000, 0x000000070fb00000, 0x000000070fb00000|100%| E|CS|TAMS 0x000000070fa00000, 0x000000070fa00000| Complete 
| 243|0x000000070fb00000, 0x000000070fc00000, 0x000000070fc00000|100%| E|CS|TAMS 0x000000070fb00000, 0x000000070fb00000| Complete 
| 244|0x000000070fc00000, 0x000000070fd00000, 0x000000070fd00000|100%| E|CS|TAMS 0x000000070fc00000, 0x000000070fc00000| Complete 
| 245|0x000000070fd00000, 0x000000070fe00000, 0x000000070fe00000|100%| E|CS|TAMS 0x000000070fd00000, 0x000000070fd00000| Complete 
| 246|0x000000070fe00000, 0x000000070ff00000, 0x000000070ff00000|100%| E|CS|TAMS 0x000000070fe00000, 0x000000070fe00000| Complete 
| 247|0x000000070ff00000, 0x0000000710000000, 0x0000000710000000|100%| E|CS|TAMS 0x000000070ff00000, 0x000000070ff00000| Complete 
| 248|0x0000000710000000, 0x0000000710100000, 0x0000000710100000|100%| E|CS|TAMS 0x0000000710000000, 0x0000000710000000| Complete 
| 249|0x0000000710100000, 0x0000000710200000, 0x0000000710200000|100%| E|CS|TAMS 0x0000000710100000, 0x0000000710100000| Complete 
| 250|0x0000000710200000, 0x0000000710300000, 0x0000000710300000|100%| E|CS|TAMS 0x0000000710200000, 0x0000000710200000| Complete 
| 251|0x0000000710300000, 0x0000000710400000, 0x0000000710400000|100%| E|CS|TAMS 0x0000000710300000, 0x0000000710300000| Complete 
| 252|0x0000000710400000, 0x0000000710500000, 0x0000000710500000|100%| E|CS|TAMS 0x0000000710400000, 0x0000000710400000| Complete 
| 253|0x0000000710500000, 0x0000000710600000, 0x0000000710600000|100%| E|CS|TAMS 0x0000000710500000, 0x0000000710500000| Complete 
| 254|0x0000000710600000, 0x0000000710700000, 0x0000000710700000|100%| E|CS|TAMS 0x0000000710600000, 0x0000000710600000| Complete 
| 255|0x0000000710700000, 0x0000000710800000, 0x0000000710800000|100%| E|CS|TAMS 0x0000000710700000, 0x0000000710700000| Complete 

Card table byte_map: [0x000001e4993d0000,0x000001e499bd0000] _byte_map_base: 0x000001e495bcc000

Marking Bits (Prev, Next): (CMBitMap*) 0x000001e483eb0da8, (CMBitMap*) 0x000001e483eb0de0
 Prev Bits: [0x000001e49a3d0000, 0x000001e49e3b0000)
 Next Bits: [0x000001e49e3b0000, 0x000001e4a2390000)

Polling page: 0x000001e483ce0000

Metaspace:

Usage:
  Non-class:     14.25 MB capacity,    14.10 MB ( 99%) used,   134.53 KB ( <1%) free+waste,    22.63 KB ( <1%) overhead. 
      Class:      1.86 MB capacity,     1.75 MB ( 94%) used,   100.64 KB (  5%) free+waste,    10.94 KB ( <1%) overhead. 
       Both:     16.12 MB capacity,    15.85 MB ( 98%) used,   235.17 KB (  1%) free+waste,    33.56 KB ( <1%) overhead. 

Virtual space:
  Non-class space:       16.00 MB reserved,      14.50 MB ( 91%) committed 
      Class space:        1.00 GB reserved,       1.88 MB ( <1%) committed 
             Both:        1.02 GB reserved,      16.38 MB (  2%) committed 

Chunk freelists:
   Non-Class:  62.00 KB
       Class:  12.00 KB
        Both:  74.00 KB

MaxMetaspaceSize: 17179869184.00 GB
CompressedClassSpaceSize: 1.00 GB

CodeHeap 'non-profiled nmethods': size=120000Kb used=1571Kb max_used=1571Kb free=118428Kb
 bounds [0x000001e490c30000, 0x000001e490ea0000, 0x000001e498160000]
CodeHeap 'profiled nmethods': size=120000Kb used=4179Kb max_used=4179Kb free=115821Kb
 bounds [0x000001e489700000, 0x000001e489b20000, 0x000001e490c30000]
CodeHeap 'non-nmethods': size=5760Kb used=1119Kb max_used=1180Kb free=4640Kb
 bounds [0x000001e489160000, 0x000001e4893d0000, 0x000001e489700000]
 total_blobs=2634 nmethods=2205 adapters=340
 compilation: enabled
              stopped_count=0, restarted_count=0
 full_count=0

Compilation events (20 events):
Event: 145.423 Thread 0x000001e4a57e3800 nmethod 2203 0x000001e489b11690 code [0x000001e489b118a0, 0x000001e489b11cf8]
Event: 145.423 Thread 0x000001e4a57e3800 2204       3       jdk.internal.reflect.DelegatingMethodAccessorImpl::invoke (10 bytes)
Event: 145.423 Thread 0x000001e4a57e3800 nmethod 2204 0x000001e489b11e90 code [0x000001e489b12040, 0x000001e489b12208]
Event: 145.423 Thread 0x000001e4a57e3800 2205   !   3       java.nio.channels.spi.SelectorProvider::provider (39 bytes)
Event: 145.424 Thread 0x000001e4a57e3800 nmethod 2205 0x000001e489b12310 code [0x000001e489b12500, 0x000001e489b12aa8]
Event: 145.424 Thread 0x000001e4a57e3800 2206       3       sun.nio.ch.SocketChannelImpl::isConnected (14 bytes)
Event: 145.424 Thread 0x000001e4a57e3800 nmethod 2206 0x000001e489b12c90 code [0x000001e489b12e40, 0x000001e489b12f98]
Event: 145.425 Thread 0x000001e4a57e3800 2207       3       org.gradle.internal.io.BufferCaster::cast (2 bytes)
Event: 145.425 Thread 0x000001e4a57e3800 nmethod 2207 0x000001e489b13010 code [0x000001e489b131c0, 0x000001e489b13298]
Event: 145.425 Thread 0x000001e4a57e3800 2208       3       org.gradle.internal.serialize.BaseSerializerFactory$EnumSerializer::write (10 bytes)
Event: 145.425 Thread 0x000001e4a57e3800 nmethod 2208 0x000001e489b13310 code [0x000001e489b134e0, 0x000001e489b13848]
Event: 145.425 Thread 0x000001e4a57e3800 2209       3       org.gradle.internal.serialize.BaseSerializerFactory$EnumSerializer::write (12 bytes)
Event: 145.425 Thread 0x000001e4a57e3800 nmethod 2209 0x000001e489b13990 code [0x000001e489b13b60, 0x000001e489b13d48]
Event: 145.425 Thread 0x000001e4a57e3800 2210       3       org.gradle.launcher.cli.action.BuildActionSerializer$NullableFileSerializer::write (10 bytes)
Event: 145.425 Thread 0x000001e4a57e3800 nmethod 2210 0x000001e489b13e10 code [0x000001e489b14000, 0x000001e489b14568]
Event: 145.430 Thread 0x000001e4a4f2e000 2211       4       java.io.DataInputStream::readByte (23 bytes)
Event: 145.433 Thread 0x000001e4a4f2e000 nmethod 2211 0x000001e490db8390 code [0x000001e490db8560, 0x000001e490db8c48]
Event: 145.443 Thread 0x000001e4a4f2e000 2212       4       org.gradle.api.internal.classpath.EffectiveClassPath::addClasspathFile (34 bytes)
Event: 146.097 Thread 0x000001e4a57e3800 2214       3       java.util.regex.Pattern$$Lambda$8/0x0000000800063c40::is (5 bytes)
Event: 146.098 Thread 0x000001e4a57e3800 nmethod 2214 0x000001e489b14710 code [0x000001e489b148c0, 0x000001e489b14b38]

GC Heap History (6 events):
Event: 0.663 GC heap before
{Heap before GC invocations=0 (full 0):
 garbage-first heap   total 262144K, used 29696K [0x0000000700800000, 0x0000000800000000)
  region size 1024K, 24 young (24576K), 0 survivors (0K)
 Metaspace       used 11167K, capacity 11432K, committed 11648K, reserved 1058816K
  class space    used 1210K, capacity 1301K, committed 1408K, reserved 1048576K
}
Event: 0.667 GC heap after
{Heap after GC invocations=1 (full 0):
 garbage-first heap   total 262144K, used 8606K [0x0000000700800000, 0x0000000800000000)
  region size 1024K, 3 young (3072K), 3 survivors (3072K)
 Metaspace       used 11167K, capacity 11432K, committed 11648K, reserved 1058816K
  class space    used 1210K, capacity 1301K, committed 1408K, reserved 1048576K
}
Event: 41.161 GC heap before
{Heap before GC invocations=1 (full 0):
 garbage-first heap   total 262144K, used 149918K [0x0000000700800000, 0x0000000800000000)
  region size 1024K, 141 young (144384K), 3 survivors (3072K)
 Metaspace       used 15995K, capacity 16304K, committed 16512K, reserved 1064960K
  class space    used 1793K, capacity 1907K, committed 1920K, reserved 1048576K
}
Event: 41.166 GC heap after
{Heap after GC invocations=2 (full 0):
 garbage-first heap   total 262144K, used 10509K [0x0000000700800000, 0x0000000800000000)
  region size 1024K, 5 young (5120K), 5 survivors (5120K)
 Metaspace       used 15995K, capacity 16304K, committed 16512K, reserved 1064960K
  class space    used 1793K, capacity 1907K, committed 1920K, reserved 1048576K
}
Event: 93.617 GC heap before
{Heap before GC invocations=2 (full 0):
 garbage-first heap   total 262144K, used 162061K [0x0000000700800000, 0x0000000800000000)
  region size 1024K, 153 young (156672K), 5 survivors (5120K)
 Metaspace       used 16108K, capacity 16374K, committed 16512K, reserved 1064960K
  class space    used 1794K, capacity 1908K, committed 1920K, reserved 1048576K
}
Event: 93.621 GC heap after
{Heap after GC invocations=3 (full 0):
 garbage-first heap   total 262144K, used 10457K [0x0000000700800000, 0x0000000800000000)
  region size 1024K, 5 young (5120K), 5 survivors (5120K)
 Metaspace       used 16108K, capacity 16374K, committed 16512K, reserved 1064960K
  class space    used 1794K, capacity 1908K, committed 1920K, reserved 1048576K
}

Deoptimization events (20 events):
Event: 104.592 Thread 0x000001e483e2d000 DEOPT PACKING pc=0x000001e489a79809 sp=0x00000026e72fd2a0
Event: 104.592 Thread 0x000001e483e2d000 DEOPT UNPACKING pc=0x000001e48918794e sp=0x00000026e72fc7b8 mode 0
Event: 104.665 Thread 0x000001e483e2d000 DEOPT PACKING pc=0x000001e48973c846 sp=0x00000026e72fd3b0
Event: 104.665 Thread 0x000001e483e2d000 DEOPT UNPACKING pc=0x000001e48918794e sp=0x00000026e72fc8f0 mode 0
Event: 112.101 Thread 0x000001e483e2d000 DEOPT PACKING pc=0x000001e489a608fc sp=0x00000026e72fd4d0
Event: 112.101 Thread 0x000001e483e2d000 DEOPT UNPACKING pc=0x000001e48918794e sp=0x00000026e72fc998 mode 0
Event: 115.611 Thread 0x000001e483e2d000 DEOPT PACKING pc=0x000001e4897727c5 sp=0x00000026e72fd420
Event: 115.611 Thread 0x000001e483e2d000 DEOPT UNPACKING pc=0x000001e48918794e sp=0x00000026e72fc8e0 mode 0
Event: 130.093 Thread 0x000001e483e2d000 Uncommon trap: trap_request=0xffffff4d fr.pc=0x000001e490d0af5c relative=0x000000000000011c
Event: 130.093 Thread 0x000001e483e2d000 Uncommon trap: reason=unstable_if action=reinterpret pc=0x000001e490d0af5c method=java.lang.ThreadLocal$ThreadLocalMap.getEntry(Ljava/lang/ThreadLocal;)Ljava/lang/ThreadLocal$ThreadLocalMap$Entry; @ 29 c2
Event: 130.093 Thread 0x000001e483e2d000 DEOPT PACKING pc=0x000001e490d0af5c sp=0x00000026e72fd320
Event: 130.093 Thread 0x000001e483e2d000 DEOPT UNPACKING pc=0x000001e489187b2f sp=0x00000026e72fd260 mode 2
Event: 132.606 Thread 0x000001e483e2d000 Uncommon trap: trap_request=0xffffff4d fr.pc=0x000001e490d0523c relative=0x00000000000000fc
Event: 132.606 Thread 0x000001e483e2d000 Uncommon trap: reason=unstable_if action=reinterpret pc=0x000001e490d0523c method=java.lang.ThreadLocal$ThreadLocalMap.getEntry(Ljava/lang/ThreadLocal;)Ljava/lang/ThreadLocal$ThreadLocalMap$Entry; @ 29 c2
Event: 132.606 Thread 0x000001e483e2d000 DEOPT PACKING pc=0x000001e490d0523c sp=0x00000026e72fd2a0
Event: 132.606 Thread 0x000001e483e2d000 DEOPT UNPACKING pc=0x000001e489187b2f sp=0x00000026e72fd258 mode 2
Event: 146.097 Thread 0x000001e4a6dff800 Uncommon trap: trap_request=0xffffff4d fr.pc=0x000001e490d5dd98 relative=0x0000000000000078
Event: 146.097 Thread 0x000001e4a6dff800 Uncommon trap: reason=unstable_if action=reinterpret pc=0x000001e490d5dd98 method=java.util.regex.Pattern.lambda$DOT$5(I)Z @ 3 c2
Event: 146.097 Thread 0x000001e4a6dff800 DEOPT PACKING pc=0x000001e490d5dd98 sp=0x00000026e6ffe950
Event: 146.097 Thread 0x000001e4a6dff800 DEOPT UNPACKING pc=0x000001e489187b2f sp=0x00000026e6ffe878 mode 2

Classes redefined (0 events):
No events

Internal exceptions (20 events):
Event: 90.607 Thread 0x000001e483e2d000 Exception <a 'java/io/IOException'{0x0000000707d8d588}> (0x0000000707d8d588) thrown at [./src/hotspot/share/prims/jni.cpp, line 615]
Event: 93.611 Thread 0x000001e483e2d000 Exception <a 'java/io/IOException'{0x000000070709ff20}> (0x000000070709ff20) thrown at [./src/hotspot/share/prims/jni.cpp, line 615]
Event: 96.638 Thread 0x000001e483e2d000 Exception <a 'java/io/IOException'{0x00000007101b7540}> (0x00000007101b7540) thrown at [./src/hotspot/share/prims/jni.cpp, line 615]
Event: 99.613 Thread 0x000001e483e2d000 Exception <a 'java/io/IOException'{0x000000070f94b790}> (0x000000070f94b790) thrown at [./src/hotspot/share/prims/jni.cpp, line 615]
Event: 102.115 Thread 0x000001e483e2d000 Exception <a 'java/io/IOException'{0x000000070f2e6540}> (0x000000070f2e6540) thrown at [./src/hotspot/share/prims/jni.cpp, line 615]
Event: 104.596 Thread 0x000001e483e2d000 Exception <a 'java/io/IOException'{0x000000070ea82d58}> (0x000000070ea82d58) thrown at [./src/hotspot/share/prims/jni.cpp, line 615]
Event: 107.142 Thread 0x000001e483e2d000 Exception <a 'java/io/IOException'{0x000000070e21eef0}> (0x000000070e21eef0) thrown at [./src/hotspot/share/prims/jni.cpp, line 615]
Event: 109.593 Thread 0x000001e483e2d000 Exception <a 'java/io/IOException'{0x000000070dbbe340}> (0x000000070dbbe340) thrown at [./src/hotspot/share/prims/jni.cpp, line 615]
Event: 112.107 Thread 0x000001e483e2d000 Exception <a 'java/io/IOException'{0x000000070d35cfa8}> (0x000000070d35cfa8) thrown at [./src/hotspot/share/prims/jni.cpp, line 615]
Event: 115.505 Thread 0x000001e483e2d000 Exception <a 'java/io/IOException'{0x000000070ccff410}> (0x000000070ccff410) thrown at [./src/hotspot/share/prims/jni.cpp, line 615]
Event: 118.104 Thread 0x000001e483e2d000 Exception <a 'java/io/IOException'{0x000000070c322318}> (0x000000070c322318) thrown at [./src/hotspot/share/prims/jni.cpp, line 615]
Event: 121.147 Thread 0x000001e483e2d000 Exception <a 'java/io/IOException'{0x000000070bcc6088}> (0x000000070bcc6088) thrown at [./src/hotspot/share/prims/jni.cpp, line 615]
Event: 124.211 Thread 0x000001e483e2d000 Exception <a 'java/io/IOException'{0x000000070b46ddf0}> (0x000000070b46ddf0) thrown at [./src/hotspot/share/prims/jni.cpp, line 615]
Event: 127.117 Thread 0x000001e483e2d000 Exception <a 'java/io/IOException'{0x000000070ac184d0}> (0x000000070ac184d0) thrown at [./src/hotspot/share/prims/jni.cpp, line 615]
Event: 130.098 Thread 0x000001e483e2d000 Exception <a 'java/io/IOException'{0x000000070a5c0de8}> (0x000000070a5c0de8) thrown at [./src/hotspot/share/prims/jni.cpp, line 615]
Event: 132.613 Thread 0x000001e483e2d000 Exception <a 'java/io/IOException'{0x0000000709d6b488}> (0x0000000709d6b488) thrown at [./src/hotspot/share/prims/jni.cpp, line 615]
Event: 135.090 Thread 0x000001e483e2d000 Exception <a 'java/io/IOException'{0x0000000709519848}> (0x0000000709519848) thrown at [./src/hotspot/share/prims/jni.cpp, line 615]
Event: 137.615 Thread 0x000001e483e2d000 Exception <a 'java/io/IOException'{0x0000000708ec8218}> (0x0000000708ec8218) thrown at [./src/hotspot/share/prims/jni.cpp, line 615]
Event: 140.627 Thread 0x000001e483e2d000 Exception <a 'java/io/IOException'{0x0000000708677f08}> (0x0000000708677f08) thrown at [./src/hotspot/share/prims/jni.cpp, line 615]
Event: 145.426 Thread 0x000001e483e2d000 Exception <a 'java/io/IOException'{0x0000000707e29808}> (0x0000000707e29808) thrown at [./src/hotspot/share/prims/jni.cpp, line 615]

Events (20 events):
Event: 137.660 Thread 0x000001e4a6dfd800 Thread added: 0x000001e4a6dfd800
Event: 137.660 Thread 0x000001e4a6dfe800 Thread exited: 0x000001e4a6dfe800
Event: 137.661 Executing VM operation: RevokeBias
Event: 137.661 Executing VM operation: RevokeBias done
Event: 140.622 Thread 0x000001e4a6dfd800 Thread exited: 0x000001e4a6dfd800
Event: 140.622 Thread 0x000001e4a6e00000 Thread exited: 0x000001e4a6e00000
Event: 140.665 Thread 0x000001e4a6dfe800 Thread added: 0x000001e4a6dfe800
Event: 140.668 Thread 0x000001e4a6dfb800 Thread added: 0x000001e4a6dfb800
Event: 140.669 Thread 0x000001e4a6dfd000 Thread added: 0x000001e4a6dfd000
Event: 140.669 Thread 0x000001e4a6dfb800 Thread exited: 0x000001e4a6dfb800
Event: 140.669 Executing VM operation: RevokeBias
Event: 140.669 Executing VM operation: RevokeBias done
Event: 145.419 Thread 0x000001e4a6dfe800 Thread exited: 0x000001e4a6dfe800
Event: 145.419 Thread 0x000001e4a6dfd000 Thread exited: 0x000001e4a6dfd000
Event: 145.468 Thread 0x000001e4a6dff800 Thread added: 0x000001e4a6dff800
Event: 145.475 Thread 0x000001e4a6dfd800 Thread added: 0x000001e4a6dfd800
Event: 145.475 Thread 0x000001e4a6dfd000 Thread added: 0x000001e4a6dfd000
Event: 145.487 Thread 0x000001e4a6dfd800 Thread exited: 0x000001e4a6dfd800
Event: 145.488 Executing VM operation: RevokeBias
Event: 145.488 Executing VM operation: RevokeBias done


Dynamic libraries:
0x00007ff791cd0000 - 0x00007ff791cda000 	C:\Program Files\Android\Android Studio\jre\bin\java.exe
0x00007fff24d90000 - 0x00007fff24f85000 	C:\WINDOWS\SYSTEM32\ntdll.dll
0x00007fff23530000 - 0x00007fff235ee000 	C:\WINDOWS\System32\KERNEL32.DLL
0x00007fff22a70000 - 0x00007fff22d38000 	C:\WINDOWS\System32\KERNELBASE.dll
0x00007fff22970000 - 0x00007fff22a70000 	C:\WINDOWS\System32\ucrtbase.dll
0x00007ffef38d0000 - 0x00007ffef38e9000 	C:\Program Files\Android\Android Studio\jre\bin\jli.dll
0x00007ffedb140000 - 0x00007ffedb157000 	C:\Program Files\Android\Android Studio\jre\bin\VCRUNTIME140.dll
0x00007fff24a00000 - 0x00007fff24ba0000 	C:\WINDOWS\System32\USER32.dll
0x00007fff13240000 - 0x00007fff134da000 	C:\WINDOWS\WinSxS\amd64_microsoft.windows.common-controls_6595b64144ccf1df_6.0.19041.1110_none_60b5254171f9507e\COMCTL32.dll
0x00007fff22770000 - 0x00007fff22792000 	C:\WINDOWS\System32\win32u.dll
0x00007fff239f0000 - 0x00007fff23a8e000 	C:\WINDOWS\System32\msvcrt.dll
0x00007fff23890000 - 0x00007fff238bb000 	C:\WINDOWS\System32\GDI32.dll
0x00007fff227a0000 - 0x00007fff228ad000 	C:\WINDOWS\System32\gdi32full.dll
0x00007fff22d40000 - 0x00007fff22ddd000 	C:\WINDOWS\System32\msvcp_win.dll
0x00007fff23f80000 - 0x00007fff23fb0000 	C:\WINDOWS\System32\IMM32.DLL
0x00007ffed7f60000 - 0x00007ffed7ffd000 	C:\Program Files\Android\Android Studio\jre\bin\msvcp140.dll
0x00007ffed9a40000 - 0x00007ffeda50f000 	C:\Program Files\Android\Android Studio\jre\bin\server\jvm.dll
0x00007fff24130000 - 0x00007fff241de000 	C:\WINDOWS\System32\ADVAPI32.dll
0x00007fff236c0000 - 0x00007fff2375c000 	C:\WINDOWS\System32\sechost.dll
0x00007fff23760000 - 0x00007fff23885000 	C:\WINDOWS\System32\RPCRT4.dll
0x00007fff23ec0000 - 0x00007fff23ec8000 	C:\WINDOWS\System32\PSAPI.DLL
0x00007fff15610000 - 0x00007fff15637000 	C:\WINDOWS\SYSTEM32\WINMM.dll
0x00007fff1c930000 - 0x00007fff1c93a000 	C:\WINDOWS\SYSTEM32\VERSION.dll
0x00007fff18220000 - 0x00007fff18229000 	C:\WINDOWS\SYSTEM32\WSOCK32.dll
0x00007fff235f0000 - 0x00007fff2365b000 	C:\WINDOWS\System32\WS2_32.dll
0x00007fff202d0000 - 0x00007fff202e2000 	C:\WINDOWS\SYSTEM32\kernel.appcore.dll
0x00007fff12390000 - 0x00007fff123a1000 	C:\Program Files\Android\Android Studio\jre\bin\verify.dll
0x00007fff13e70000 - 0x00007fff14054000 	C:\WINDOWS\SYSTEM32\DBGHELP.DLL
0x00007fff109b0000 - 0x00007fff109dc000 	C:\WINDOWS\SYSTEM32\dbgcore.DLL
0x00007fff228e0000 - 0x00007fff22962000 	C:\WINDOWS\System32\bcryptPrimitives.dll
0x00007fff0f820000 - 0x00007fff0f849000 	C:\Program Files\Android\Android Studio\jre\bin\java.dll
0x00007fff12dc0000 - 0x00007fff12dcb000 	C:\Program Files\Android\Android Studio\jre\bin\jimage.dll
0x00007fff05cd0000 - 0x00007fff05ce8000 	C:\Program Files\Android\Android Studio\jre\bin\zip.dll
0x00007fff22de0000 - 0x00007fff23524000 	C:\WINDOWS\System32\SHELL32.dll
0x00007fff205b0000 - 0x00007fff20d44000 	C:\WINDOWS\SYSTEM32\windows.storage.dll
0x00007fff23b60000 - 0x00007fff23eb5000 	C:\WINDOWS\System32\combase.dll
0x00007fff21ef0000 - 0x00007fff21f1e000 	C:\WINDOWS\SYSTEM32\Wldp.dll
0x00007fff23ed0000 - 0x00007fff23f7d000 	C:\WINDOWS\System32\SHCORE.dll
0x00007fff24c20000 - 0x00007fff24c75000 	C:\WINDOWS\System32\shlwapi.dll
0x00007fff223e0000 - 0x00007fff223ff000 	C:\WINDOWS\SYSTEM32\profapi.dll
0x00007fff04be0000 - 0x00007fff04bfa000 	C:\Program Files\Android\Android Studio\jre\bin\net.dll
0x00007fff1c340000 - 0x00007fff1c44c000 	C:\WINDOWS\SYSTEM32\WINHTTP.dll
0x00007fff21c50000 - 0x00007fff21cba000 	C:\WINDOWS\system32\mswsock.dll
0x00007fff04a20000 - 0x00007fff04a34000 	C:\Program Files\Android\Android Studio\jre\bin\nio.dll
0x00007ffedafb0000 - 0x00007ffedafd6000 	C:\Users\salah eldien\.gradle\native\fdc75f09e3144964f2cf3f50f0aa648679c211496f362492102eb8c894070792\windows-amd64\native-platform.dll
0x00007ffed7b80000 - 0x00007ffed7d11000 	C:\Users\salah eldien\.gradle\native\12488b8bf47d2d4c9fbf2f6322a914ad602e24e48041cd04a747c6da556b65c4\windows-amd64\native-platform-file-events.dll
0x00007fff12400000 - 0x00007fff1240a000 	C:\Program Files\Android\Android Studio\jre\bin\management.dll
0x00007fff0f690000 - 0x00007fff0f69c000 	C:\Program Files\Android\Android Studio\jre\bin\management_ext.dll
0x00007fff21e50000 - 0x00007fff21e68000 	C:\WINDOWS\SYSTEM32\CRYPTSP.dll
0x00007fff21560000 - 0x00007fff21594000 	C:\WINDOWS\system32\rsaenh.dll
0x00007fff228b0000 - 0x00007fff228d7000 	C:\WINDOWS\System32\bcrypt.dll
0x00007fff22360000 - 0x00007fff2238e000 	C:\WINDOWS\SYSTEM32\USERENV.dll
0x00007fff21e40000 - 0x00007fff21e4c000 	C:\WINDOWS\SYSTEM32\CRYPTBASE.dll
0x00007fff218f0000 - 0x00007fff2192b000 	C:\WINDOWS\SYSTEM32\IPHLPAPI.DLL
0x00007fff24330000 - 0x00007fff24338000 	C:\WINDOWS\System32\NSI.dll
0x00007fff1d120000 - 0x00007fff1d137000 	C:\WINDOWS\SYSTEM32\dhcpcsvc6.DLL
0x00007fff1d100000 - 0x00007fff1d11d000 	C:\WINDOWS\SYSTEM32\dhcpcsvc.DLL
0x00007fff21940000 - 0x00007fff21a0b000 	C:\WINDOWS\SYSTEM32\DNSAPI.dll
0x00007fff1d1d0000 - 0x00007fff1d1db000 	C:\WINDOWS\SYSTEM32\WINNSI.DLL

dbghelp: loaded successfully - version: 4.0.5 - missing functions: none
symbol engine: initialized successfully - sym options: 0x614 - pdb path: .;C:\Program Files\Android\Android Studio\jre\bin;C:\WINDOWS\SYSTEM32;C:\WINDOWS\WinSxS\amd64_microsoft.windows.common-controls_6595b64144ccf1df_6.0.19041.1110_none_60b5254171f9507e;C:\Program Files\Android\Android Studio\jre\bin\server;C:\Users\salah eldien\.gradle\native\fdc75f09e3144964f2cf3f50f0aa648679c211496f362492102eb8c894070792\windows-amd64;C:\Users\salah eldien\.gradle\native\12488b8bf47d2d4c9fbf2f6322a914ad602e24e48041cd04a747c6da556b65c4\windows-amd64

VM Arguments:
jvm_args: -Dorg.gradle.appname=gradlew 
java_command: org.gradle.wrapper.GradleWrapperMain -q -Ptarget-platform=android-arm64 -Ptarget=C:\Users\salah eldien\StudioProjects\college360\lib\main.dart -Pbase-application-name=android.app.Application -Pdart-defines=Zmx1dHRlci5pbnNwZWN0b3Iuc3RydWN0dXJlZEVycm9ycz10cnVl,RkxVVFRFUl9XRUJfQVVUT19ERVRFQ1Q9dHJ1ZQ== -Pdart-obfuscation=false -Ptrack-widget-creation=true -Ptree-shake-icons=false -Pfilesystem-scheme=org-dartlang-root assembleDebug
java_class_path (initial): C:\Users\salah eldien\StudioProjects\college360\android\\gradle\wrapper\gradle-wrapper.jar
Launcher Type: SUN_STANDARD

[Global flags]
     intx CICompilerCount                          = 4                                         {product} {ergonomic}
     uint ConcGCThreads                            = 2                                         {product} {ergonomic}
     uint G1ConcRefinementThreads                  = 8                                         {product} {ergonomic}
   size_t G1HeapRegionSize                         = 1048576                                   {product} {ergonomic}
    uintx GCDrainStackTargetSize                   = 64                                        {product} {ergonomic}
   size_t InitialHeapSize                          = 268435456                                 {product} {ergonomic}
   size_t MarkStackSize                            = 4194304                                   {product} {ergonomic}
   size_t MaxHeapSize                              = 4286578688                                {product} {ergonomic}
   size_t MaxNewSize                               = 2571108352                                {product} {ergonomic}
   size_t MinHeapDeltaBytes                        = 1048576                                   {product} {ergonomic}
    uintx NonNMethodCodeHeapSize                   = 5836300                                {pd product} {ergonomic}
    uintx NonProfiledCodeHeapSize                  = 122910970                              {pd product} {ergonomic}
    uintx ProfiledCodeHeapSize                     = 122910970                              {pd product} {ergonomic}
    uintx ReservedCodeCacheSize                    = 251658240                              {pd product} {ergonomic}
     bool SegmentedCodeCache                       = true                                      {product} {ergonomic}
     bool UseCompressedClassPointers               = true                                 {lp64_product} {ergonomic}
     bool UseCompressedOops                        = true                                 {lp64_product} {ergonomic}
     bool UseG1GC                                  = true                                      {product} {ergonomic}
     bool UseLargePagesIndividualAllocation        = false                                  {pd product} {ergonomic}

Logging:
Log output configuration:
 #0: stdout all=warning uptime,level,tags
 #1: stderr all=off uptime,level,tags

Environment Variables:
JAVA_HOME=C:\Program Files\Android\Android Studio\jre
CLASSPATH=C:\Users\salah eldien\StudioProjects\college360\android\\gradle\wrapper\gradle-wrapper.jar
PATH=C:\Program Files\Common Files\Oracle\Java\javapath;C:\Program Files (x86)\Common Files\Oracle\Java\javapath;C:\WINDOWS\system32;C:\WINDOWS;C:\WINDOWS\System32\Wbem;C:\WINDOWS\System32\WindowsPowerShell\v1.0\;C:\WINDOWS\System32\OpenSSH\;C:\Program Files\dotnet\;C:\Program Files (x86)\NVIDIA Corporation\PhysX\Common;C:\Program Files\NVIDIA Corporation\NVIDIA NvDLISR;C:\programming\flutter\bin;C:\Users\salah eldien\AppData\Local\Programs\Microsoft VS Code\bin;F:\programing app\PHP;;C:\programming\flutter\bin\mingit\cmd
USERNAME=salah eldien
OS=Windows_NT
PROCESSOR_IDENTIFIER=Intel64 Family 6 Model 60 Stepping 3, GenuineIntel



---------------  S Y S T E M  ---------------

OS: Windows 10 , 64 bit Build 19041 (10.0.19041.1503)
OS uptime: 0 days 1:27 hours

CPU:total 8 (initial active 8) (4 cores per cpu, 2 threads per core) family 6 model 60 stepping 3 microcode 0x27, cmov, cx8, fxsr, mmx, sse, sse2, sse3, ssse3, sse4.1, sse4.2, popcnt, avx, avx2, aes, clmul, erms, lzcnt, ht, tsc, tscinvbit, bmi1, bmi2, fma

Memory: 4k page, system-wide physical 16346M (350M free)
TotalPageFile size 36348M (AvailPageFile size 0M)
current process WorkingSet (physical memory assigned to process): 262M, peak: 265M
current process commit charge ("private bytes"): 392M, peak: 398M

vm_info: OpenJDK 64-Bit Server VM (11.0.10+0-b96-7249189) for windows-amd64 JRE (11.0.10+0-b96-7249189), built on Mar 31 2021 21:44:00 by "builder" with MS VC++ 14.0 (VS2015)

END.
